<?xml version="1.0" encoding="UTF-8"?>
<!-- Generated by org.testng.reporters.JUnitReportReporter -->
<testsuite skipped="0" hostname="DESKTOP-NFATJD6" name="test.LoginPageTest" tests="2" failures="0" timestamp="18 Sep 2022 13:16:44 GMT" time="10.754" errors="0">
  <testcase name="loginTest" time="6.213" classname="test.LoginPageTest"/>
  <testcase name="pageTitleTest" time="4.541" classname="test.LoginPageTest"/>
</testsuite> <!-- test.LoginPageTest -->
